0 info it worked if it ends with ok
1 verbose cli [ '/usr/local/bin/node',
1 verbose cli   '/usr/local/bin/npm',
1 verbose cli   'install',
1 verbose cli   'lodash',
1 verbose cli   '-g' ]
2 info using npm@3.3.6
3 info using node@v5.0.0
4 silly loadCurrentTree Starting
5 silly install loadCurrentTree
6 silly install readGlobalPackageData
7 silly fetchPackageMetaData lodash
8 silly fetchNamedPackageData lodash
9 silly mapToRegistry name lodash
10 silly mapToRegistry using default registry
11 silly mapToRegistry registry https://registry.npmjs.org/
12 silly mapToRegistry uri https://registry.npmjs.org/lodash
13 verbose request uri https://registry.npmjs.org/lodash
14 verbose request no auth needed
15 info attempt registry request try #1 at 11:48:23 AM
16 verbose request id e10e2d39002bc0dc
17 verbose etag "7WWRIAM21X44IW3OOOL2MY4WP"
18 http request GET https://registry.npmjs.org/lodash
19 http 304 https://registry.npmjs.org/lodash
20 verbose headers { date: 'Sun, 01 Nov 2015 18:48:23 GMT',
20 verbose headers   via: '1.1 varnish',
20 verbose headers   'cache-control': 'max-age=60',
20 verbose headers   etag: '"7WWRIAM21X44IW3OOOL2MY4WP"',
20 verbose headers   age: '58',
20 verbose headers   connection: 'keep-alive',
20 verbose headers   'x-served-by': 'cache-lax1420-LAX',
20 verbose headers   'x-cache': 'HIT',
20 verbose headers   'x-cache-hits': '5',
20 verbose headers   'x-timer': 'S1446403703.605486,VS0,VE0',
20 verbose headers   vary: 'Accept' }
21 silly get cb [ 304,
21 silly get   { date: 'Sun, 01 Nov 2015 18:48:23 GMT',
21 silly get     via: '1.1 varnish',
21 silly get     'cache-control': 'max-age=60',
21 silly get     etag: '"7WWRIAM21X44IW3OOOL2MY4WP"',
21 silly get     age: '58',
21 silly get     connection: 'keep-alive',
21 silly get     'x-served-by': 'cache-lax1420-LAX',
21 silly get     'x-cache': 'HIT',
21 silly get     'x-cache-hits': '5',
21 silly get     'x-timer': 'S1446403703.605486,VS0,VE0',
21 silly get     vary: 'Accept' } ]
22 verbose etag https://registry.npmjs.org/lodash from cache
23 verbose get saving lodash to /home/john/.npm/registry.npmjs.org/lodash/.cache.json
24 silly install normalizeTree
25 silly loadCurrentTree Finishing
26 silly loadIdealTree Starting
27 silly install loadIdealTree
28 silly cloneCurrentTree Starting
29 silly install cloneCurrentTreeToIdealTree
30 silly cloneCurrentTree Finishing
31 silly loadShrinkwrap Starting
32 silly install loadShrinkwrap
33 silly loadShrinkwrap Finishing
34 silly loadAllDepsIntoIdealTree Starting
35 silly install loadAllDepsIntoIdealTree
36 silly resolveWithNewModule lodash@3.10.1 checking installable status
37 silly cache add args [ 'lodash', null ]
38 verbose cache add spec lodash
39 silly cache add parsed spec Result {
39 silly cache add   raw: 'lodash',
39 silly cache add   scope: null,
39 silly cache add   name: 'lodash',
39 silly cache add   rawSpec: '',
39 silly cache add   spec: '*',
39 silly cache add   type: 'range' }
40 silly addNamed lodash@*
41 verbose addNamed "*" is a valid semver range for lodash
42 silly addNameRange { name: 'lodash', range: '*', hasData: false }
43 silly mapToRegistry name lodash
44 silly mapToRegistry using default registry
45 silly mapToRegistry registry https://registry.npmjs.org/
46 silly mapToRegistry uri https://registry.npmjs.org/lodash
47 verbose addNameRange registry:https://registry.npmjs.org/lodash not in flight; fetching
48 verbose get https://registry.npmjs.org/lodash not expired, no request
49 silly addNameRange number 2 { name: 'lodash', range: '*', hasData: true }
50 silly addNameRange versions [ 'lodash',
50 silly addNameRange   [ '0.1.0',
50 silly addNameRange     '0.2.0',
50 silly addNameRange     '0.2.1',
50 silly addNameRange     '0.2.2',
50 silly addNameRange     '0.3.0',
50 silly addNameRange     '0.3.1',
50 silly addNameRange     '0.3.2',
50 silly addNameRange     '0.4.0',
50 silly addNameRange     '0.4.1',
50 silly addNameRange     '0.4.2',
50 silly addNameRange     '0.5.0-rc.1',
50 silly addNameRange     '0.5.0',
50 silly addNameRange     '0.5.1',
50 silly addNameRange     '0.5.2',
50 silly addNameRange     '0.6.0',
50 silly addNameRange     '0.6.1',
50 silly addNameRange     '0.7.0',
50 silly addNameRange     '0.8.0',
50 silly addNameRange     '0.8.1',
50 silly addNameRange     '0.8.2',
50 silly addNameRange     '0.9.0',
50 silly addNameRange     '0.9.1',
50 silly addNameRange     '0.9.2',
50 silly addNameRange     '0.10.0',
50 silly addNameRange     '1.0.0-rc.1',
50 silly addNameRange     '1.0.0-rc.2',
50 silly addNameRange     '1.0.0-rc.3',
50 silly addNameRange     '1.0.0',
50 silly addNameRange     '1.0.1',
50 silly addNameRange     '1.1.0',
50 silly addNameRange     '1.1.1',
50 silly addNameRange     '1.2.0',
50 silly addNameRange     '1.2.1',
50 silly addNameRange     '1.3.0',
50 silly addNameRange     '1.3.1',
50 silly addNameRange     '2.0.0',
50 silly addNameRange     '2.1.0',
50 silly addNameRange     '2.2.0',
50 silly addNameRange     '2.2.1',
50 silly addNameRange     '2.3.0',
50 silly addNameRange     '2.4.0',
50 silly addNameRange     '2.4.1',
50 silly addNameRange     '3.0.0',
50 silly addNameRange     '3.0.1',
50 silly addNameRange     '3.1.0',
50 silly addNameRange     '3.2.0',
50 silly addNameRange     '3.3.0',
50 silly addNameRange     '3.3.1',
50 silly addNameRange     '3.4.0',
50 silly addNameRange     '3.5.0',
50 silly addNameRange     '3.6.0',
50 silly addNameRange     '1.0.2',
50 silly addNameRange     '3.7.0',
50 silly addNameRange     '2.4.2',
50 silly addNameRange     '3.8.0',
50 silly addNameRange     '3.9.0',
50 silly addNameRange     '3.9.1',
50 silly addNameRange     '3.9.2',
50 silly addNameRange     '3.9.3',
50 silly addNameRange     '3.10.0',
50 silly addNameRange     '3.10.1' ] ]
51 silly addNamed lodash@3.10.1
52 verbose addNamed "3.10.1" is a plain semver version for lodash
53 silly cache afterAdd lodash@3.10.1
54 verbose afterAdd /home/john/.npm/lodash/3.10.1/package/package.json not in flight; writing
55 verbose afterAdd /home/john/.npm/lodash/3.10.1/package/package.json written
56 silly loadAllDepsIntoIdealTree Finishing
57 silly idealTree:prePrune /usr/local/lib
57 silly idealTree:prePrune └── lodash@3.10.1
58 silly loadIdealTree Finishing
59 silly currentTree /usr/local/lib
59 silly currentTree └── lodash@3.10.1
60 silly idealTree /usr/local/lib
60 silly idealTree └── lodash@3.10.1
61 silly generateActionsToTake Starting
62 silly install generateActionsToTake
63 warn checkPermissions Missing write access to /usr/local/lib/node_modules/lodash
64 warn checkPermissions Missing write access to /usr/local/lib/node_modules
65 silly rollbackFailedOptional Starting
66 silly rollbackFailedOptional Finishing
67 silly runTopLevelLifecycles Starting
68 silly runTopLevelLifecycles Finishing
69 silly install printInstalled
70 verbose stack Error: EACCES: permission denied, access '/usr/local/lib/node_modules/lodash'
70 verbose stack     at Error (native)
71 verbose cwd /home/john/Documents/js/mostly-adequate/eight
72 error Linux 3.13.0-24-generic
73 error argv "/usr/local/bin/node" "/usr/local/bin/npm" "install" "lodash" "-g"
74 error node v5.0.0
75 error npm  v3.3.6
76 error path /usr/local/lib/node_modules/lodash
77 error code EACCES
78 error errno -13
79 error syscall access
80 error Error: EACCES: permission denied, access '/usr/local/lib/node_modules/lodash'
80 error     at Error (native)
80 error  { [Error: EACCES: permission denied, access '/usr/local/lib/node_modules/lodash']
80 error   errno: -13,
80 error   code: 'EACCES',
80 error   syscall: 'access',
80 error   path: '/usr/local/lib/node_modules/lodash' }
81 error Please try running this command again as root/Administrator.
82 verbose exit [ -13, true ]
